# JRE version: OpenJDK Runtime Environment Temurin-21.0.4+7 (21.0.4+7) (build 21.0.4+7-LTS)
# Java VM: OpenJDK 64-Bit Server VM Temurin-21.0.4+7 (21.0.4+7-LTS, mixed mode, sharing, tiered, compressed oops, compressed class ptrs, g1 gc, windows-amd64)
GC Precious Log:
 CardTable entry size: 512
 Card Set container configuration: InlinePtr #cards 5 size 8 Array Of Cards #cards 12 size 40 Howl #buckets 4 coarsen threshold 1843 Howl Bitmap #cards 512 size 80 coarsen threshold 460 Card regions per heap region 1 cards per card region 2048
 CPUs: 4 total, 4 available
 Memory: 3789M
 Large Page Support: Disabled
 NUMA Support: Disabled
 Compressed Oops: Enabled (32-bit)
 Heap Region Size: 1M
 Heap Min Capacity: 8M
 Heap Initial Capacity: 60M
 Heap Max Capacity: 2G
 Pre-touch: Disabled
 Parallel Workers: 4
 Concurrent Workers: 1
 Concurrent Refinement Workers: 4
 Periodic GC: Disabled
Heap:
 garbage-first heap   total 414720K, used 186354K [0x0000000080000000, 0x0000000100000000)
  region size 1024K, 2 young (2048K), 2 survivors (2048K)
 Metaspace       used 110299K, committed 112960K, reserved 557056K
  class space    used 15532K, committed 16832K, reserved 425984K
GC Heap History (20 events):
Event: 110.050 GC heap after
{Heap after GC invocations=39 (full 0):
 garbage-first heap   total 290816K, used 118694K [0x0000000080000000, 0x0000000100000000)
  region size 1024K, 15 young (15360K), 15 survivors (15360K)
 Metaspace       used 97799K, committed 100160K, reserved 557056K
  class space    used 13831K, committed 15040K, reserved 425984K
}
Event: 133.187 GC heap before
{Heap before GC invocations=39 (full 0):
 garbage-first heap   total 290816K, used 194470K [0x0000000080000000, 0x0000000100000000)
  region size 1024K, 89 young (91136K), 15 survivors (15360K)
 Metaspace       used 103026K, committed 105536K, reserved 557056K
  class space    used 14544K, committed 15808K, reserved 425984K
}
Event: 133.461 GC heap after
{Heap after GC invocations=40 (full 0):
 garbage-first heap   total 290816K, used 125188K [0x0000000080000000, 0x0000000100000000)
  region size 1024K, 12 young (12288K), 12 survivors (12288K)
 Metaspace       used 103026K, committed 105536K, reserved 557056K
  class space    used 14544K, committed 15808K, reserved 425984K
}
Event: 137.359 GC heap before
{Heap before GC invocations=40 (full 0):
 garbage-first heap   total 290816K, used 149764K [0x0000000080000000, 0x0000000100000000)
  region size 1024K, 36 young (36864K), 12 survivors (12288K)
 Metaspace       used 103617K, committed 106112K, reserved 557056K
  class space    used 14613K, committed 15872K, reserved 425984K
}
Event: 137.434 GC heap after
{Heap after GC invocations=41 (full 0):
 garbage-first heap   total 290816K, used 129536K [0x0000000080000000, 0x0000000100000000)
  region size 1024K, 5 young (5120K), 5 survivors (5120K)
 Metaspace       used 103617K, committed 106112K, reserved 557056K
  class space    used 14613K, committed 15872K, reserved 425984K
}
Event: 151.022 GC heap before
{Heap before GC invocations=42 (full 0):
 garbage-first heap   total 290816K, used 269824K [0x0000000080000000, 0x0000000100000000)
  region size 1024K, 139 young (142336K), 5 survivors (5120K)
 Metaspace       used 103800K, committed 106240K, reserved 557056K
  class space    used 14634K, committed 15872K, reserved 425984K
}
Event: 151.241 GC heap after
{Heap after GC invocations=43 (full 0):
 garbage-first heap   total 290816K, used 144150K [0x0000000080000000, 0x0000000100000000)
  region size 1024K, 15 young (15360K), 15 survivors (15360K)
 Metaspace       used 103800K, committed 106240K, reserved 557056K
  class space    used 14634K, committed 15872K, reserved 425984K
}
Event: 152.344 GC heap before
{Heap before GC invocations=43 (full 0):
 garbage-first heap   total 290816K, used 149270K [0x0000000080000000, 0x0000000100000000)
  region size 1024K, 20 young (20480K), 15 survivors (15360K)
 Metaspace       used 103959K, committed 106496K, reserved 557056K
  class space    used 14672K, committed 15936K, reserved 425984K
}
Event: 152.523 GC heap after
{Heap after GC invocations=44 (full 0):
 garbage-first heap   total 290816K, used 145924K [0x0000000080000000, 0x0000000100000000)
  region size 1024K, 3 young (3072K), 3 survivors (3072K)
 Metaspace       used 103959K, committed 106496K, reserved 557056K
  class space    used 14672K, committed 15936K, reserved 425984K
}
Event: 161.282 GC heap before
{Heap before GC invocations=44 (full 0):
 garbage-first heap   total 290816K, used 265732K [0x0000000080000000, 0x0000000100000000)
  region size 1024K, 121 young (123904K), 3 survivors (3072K)
 Metaspace       used 104726K, committed 107264K, reserved 557056K
  class space    used 14774K, committed 16064K, reserved 425984K
}
Event: 161.623 GC heap after
{Heap after GC invocations=45 (full 0):
 garbage-first heap   total 290816K, used 155267K [0x0000000080000000, 0x0000000100000000)
  region size 1024K, 12 young (12288K), 12 survivors (12288K)
 Metaspace       used 104726K, committed 107264K, reserved 557056K
  class space    used 14774K, committed 16064K, reserved 425984K
}
Event: 161.662 GC heap before
{Heap before GC invocations=45 (full 0):
 garbage-first heap   total 290816K, used 157315K [0x0000000080000000, 0x0000000100000000)
  region size 1024K, 14 young (14336K), 12 survivors (12288K)
 Metaspace       used 104726K, committed 107264K, reserved 557056K
  class space    used 14774K, committed 16064K, reserved 425984K
}
Event: 161.824 GC heap after
{Heap after GC invocations=46 (full 0):
 garbage-first heap   total 414720K, used 155569K [0x0000000080000000, 0x0000000100000000)
  region size 1024K, 2 young (2048K), 2 survivors (2048K)
 Metaspace       used 104726K, committed 107264K, reserved 557056K
  class space    used 14774K, committed 16064K, reserved 425984K
}
Event: 168.717 GC heap before
{Heap before GC invocations=46 (full 0):
 garbage-first heap   total 414720K, used 249777K [0x0000000080000000, 0x0000000100000000)
  region size 1024K, 92 young (94208K), 2 survivors (2048K)
 Metaspace       used 105034K, committed 107648K, reserved 557056K
  class space    used 14807K, committed 16128K, reserved 425984K
}
Event: 169.133 GC heap after
{Heap after GC invocations=47 (full 0):
 garbage-first heap   total 414720K, used 168960K [0x0000000080000000, 0x0000000100000000)
  region size 1024K, 12 young (12288K), 12 survivors (12288K)
 Metaspace       used 105034K, committed 107648K, reserved 557056K
  class space    used 14807K, committed 16128K, reserved 425984K
}
Event: 171.100 GC heap before
{Heap before GC invocations=47 (full 0):
 garbage-first heap   total 414720K, used 202752K [0x0000000080000000, 0x0000000100000000)
  region size 1024K, 46 young (47104K), 12 survivors (12288K)
 Metaspace       used 105034K, committed 107648K, reserved 557056K
  class space    used 14807K, committed 16128K, reserved 425984K
}
Event: 171.235 GC heap after
{Heap after GC invocations=48 (full 0):
 garbage-first heap   total 414720K, used 170529K [0x0000000080000000, 0x0000000100000000)
  region size 1024K, 3 young (3072K), 3 survivors (3072K)
 Metaspace       used 105034K, committed 107648K, reserved 557056K
  class space    used 14807K, committed 16128K, reserved 425984K
}
Event: 184.903 GC heap before
{Heap before GC invocations=48 (full 0):
 garbage-first heap   total 414720K, used 293409K [0x0000000080000000, 0x0000000100000000)
  region size 1024K, 123 young (125952K), 3 survivors (3072K)
 Metaspace       used 109978K, committed 112576K, reserved 557056K
  class space    used 15490K, committed 16768K, reserved 425984K
}
Event: 185.882 GC heap after
{Heap after GC invocations=49 (full 0):
 garbage-first heap   total 414720K, used 183841K [0x0000000080000000, 0x0000000100000000)
  region size 1024K, 15 young (15360K), 15 survivors (15360K)
 Metaspace       used 109978K, committed 112576K, reserved 557056K
  class space    used 15490K, committed 16768K, reserved 425984K
}
Event: 189.386 GC heap before
{Heap before GC invocations=49 (full 0):
 garbage-first heap   total 414720K, used 188961K [0x0000000080000000, 0x0000000100000000)
  region size 1024K, 20 young (20480K), 15 survivors (15360K)
 Metaspace       used 110299K, committed 112960K, reserved 557056K
  class space    used 15532K, committed 16832K, reserved 425984K
}

